<?xml version="1.0" encoding="UTF-8"?>
<!-- Generated by org.testng.reporters.JUnitReportReporter -->
<testsuite hostname="Aashutosh" failures="0" tests="3" name="com.auto.qa.tests.SignInPageTest" time="11.415" errors="0" timestamp="2023-02-26T16:06:14 EST" skipped="0">
  <testcase classname="com.auto.qa.tests.SignInPageTest" name="signInPageTitleTest" time="3.110"/>
  <system-out/>
  <testcase classname="com.auto.qa.tests.SignInPageTest" name="customerLoginTitleTest" time="3.733"/>
  <system-out/>
  <testcase classname="com.auto.qa.tests.SignInPageTest" name="loginTest" time="4.572"/>
  <system-out/>
</testsuite> <!-- com.auto.qa.tests.SignInPageTest -->
