<?xml version="1.0" encoding="UTF-8"?>
<!-- Generated by org.testng.reporters.JUnitReportReporter -->
<testsuite hostname="Aashutosh" failures="0" tests="5" name="com.auto.qa.tests.HomePageTest" time="27.690" errors="0" timestamp="2023-02-26T15:57:49 EST" skipped="0">
  <testcase classname="com.auto.qa.tests.HomePageTest" name="validateHomePageTitleTest" time="4.305"/>
  <system-out/>
  <testcase classname="com.auto.qa.tests.HomePageTest" name="validateUserNameTest" time="5.241"/>
  <system-out/>
  <testcase classname="com.auto.qa.tests.HomePageTest" name="clickOnWhatsNewButtonTest" time="4.812"/>
  <system-out/>
  <testcase classname="com.auto.qa.tests.HomePageTest" name="clickOnMenButtonTest" time="8.029"/>
  <system-out/>
  <testcase classname="com.auto.qa.tests.HomePageTest" name="searchForItemAndValidateSearchBtnTest" time="5.303"/>
  <system-out/>
</testsuite> <!-- com.auto.qa.tests.HomePageTest -->
