<?xml version="1.0" encoding="UTF-8"?>
<!-- Generated by org.testng.reporters.JUnitReportReporter -->
<testsuite hostname="Aashutosh" failures="0" tests="3" name="com.auto.qa.tests.GearPageTest" time="18.490" errors="0" timestamp="2023-02-23T21:20:22 EST" skipped="0">
  <testcase classname="com.auto.qa.tests.GearPageTest" name="validateGearPageTitleTest" time="5.940"/>
  <system-out/>
  <testcase classname="com.auto.qa.tests.GearPageTest" name="validateGearLabelTest" time="4.975"/>
  <system-out/>
  <testcase classname="com.auto.qa.tests.GearPageTest" name="chooseItemAndAddToCartTest" time="7.575"/>
  <system-out/>
</testsuite> <!-- com.auto.qa.tests.GearPageTest -->
