<?xml version="1.0" encoding="UTF-8"?>
<!-- Generated by org.testng.reporters.JUnitReportReporter -->
<testsuite hostname="Aashutosh" failures="0" tests="3" name="com.auto.qa.tests.CreateAnAccountTest" time="11.545" errors="0" timestamp="2023-02-26T16:53:02 EST" skipped="0">
  <testcase classname="com.auto.qa.tests.CreateAnAccountTest" name="validateCreateAccPageTitleTest" time="2.650"/>
  <system-out/>
  <testcase classname="com.auto.qa.tests.CreateAnAccountTest" name="validateCreateAnAccountLabelTest" time="2.724"/>
  <system-out/>
  <testcase classname="com.auto.qa.tests.CreateAnAccountTest" name="createAccountTest" time="6.171"/>
  <system-out/>
</testsuite> <!-- com.auto.qa.tests.CreateAnAccountTest -->
