<?xml version="1.0" encoding="UTF-8"?>
<!-- Generated by org.testng.reporters.JUnitReportReporter -->
<testsuite hostname="Aashutosh" failures="0" tests="4" name="com.auto.qa.tests.LandingPageTest" time="12.488" errors="0" timestamp="2023-02-23T10:55:50 EST" skipped="0">
  <testcase classname="com.auto.qa.tests.LandingPageTest" name="landingPageTitleTest" time="2.200"/>
  <system-out/>
  <testcase classname="com.auto.qa.tests.LandingPageTest" name="pageLogoTest" time="2.257"/>
  <system-out/>
  <testcase classname="com.auto.qa.tests.LandingPageTest" name="clickLoginButtonTest" time="4.960"/>
  <system-out/>
  <testcase classname="com.auto.qa.tests.LandingPageTest" name="clickRegisterButtonTest" time="3.071"/>
  <system-out/>
</testsuite> <!-- com.auto.qa.tests.LandingPageTest -->
