<?xml version="1.0" encoding="UTF-8"?>
<!-- Generated by org.testng.reporters.JUnitReportReporter -->
<testsuite hostname="Aashutosh" failures="0" tests="3" name="com.auto.qa.tests.SearchItemPageTest" time="15.519" errors="0" timestamp="2023-02-26T15:57:49 EST" skipped="0">
  <testcase classname="com.auto.qa.tests.SearchItemPageTest" name="validateSearchResultPageTitleTest" time="5.198"/>
  <system-out/>
  <testcase classname="com.auto.qa.tests.SearchItemPageTest" name="validateSearchResultItemsTest" time="5.157"/>
  <system-out/>
  <testcase classname="com.auto.qa.tests.SearchItemPageTest" name="validateSearchResultsLMsgTest" time="5.164"/>
  <system-out/>
</testsuite> <!-- com.auto.qa.tests.SearchItemPageTest -->
