<?xml version="1.0" encoding="UTF-8"?>
<!-- Generated by org.testng.reporters.JUnitReportReporter -->
<testsuite hostname="Aashutosh" failures="0" tests="5" name="com.auto.qa.tests.HomePageTest" time="27.192" errors="0" timestamp="2023-02-23T10:55:50 EST" skipped="0">
  <testcase classname="com.auto.qa.tests.HomePageTest" name="validateHomePageTitleTest" time="4.064"/>
  <system-out/>
  <testcase classname="com.auto.qa.tests.HomePageTest" name="validateUserNameTest" time="4.919"/>
  <system-out/>
  <testcase classname="com.auto.qa.tests.HomePageTest" name="clickOnWhatsNewButtonTest" time="4.720"/>
  <system-out/>
  <testcase classname="com.auto.qa.tests.HomePageTest" name="clickOnMenButtonTest" time="8.079"/>
  <system-out/>
  <testcase classname="com.auto.qa.tests.HomePageTest" name="searchForItemAndValidateSearchBtnTest" time="5.410"/>
  <system-out/>
</testsuite> <!-- com.auto.qa.tests.HomePageTest -->
