<?xml version="1.0" encoding="UTF-8"?>
<!-- Generated by org.testng.reporters.JUnitReportReporter -->
<testsuite hostname="Aashutosh" failures="0" tests="3" name="com.auto.qa.tests.SignInPageTest" time="10.612" errors="0" timestamp="2023-02-23T10:55:50 EST" skipped="0">
  <testcase classname="com.auto.qa.tests.SignInPageTest" name="signInPageTitleTest" time="3.069"/>
  <system-out/>
  <testcase classname="com.auto.qa.tests.SignInPageTest" name="customerLoginTitleTest" time="3.289"/>
  <system-out/>
  <testcase classname="com.auto.qa.tests.SignInPageTest" name="loginTest" time="4.254"/>
  <system-out/>
</testsuite> <!-- com.auto.qa.tests.SignInPageTest -->
