<?xml version="1.0" encoding="UTF-8"?>
<!-- Generated by org.testng.reporters.JUnitReportReporter -->
<testsuite hostname="Aashutosh" failures="0" tests="3" name="com.auto.qa.tests.WomenPageTest" time="19.127" errors="0" timestamp="2023-02-23T10:55:50 EST" skipped="0">
  <testcase classname="com.auto.qa.tests.WomenPageTest" name="validateWomenPageTitleTest" time="5.042"/>
  <system-out/>
  <testcase classname="com.auto.qa.tests.WomenPageTest" name="validateWomenLabelTest" time="5.026"/>
  <system-out/>
  <testcase classname="com.auto.qa.tests.WomenPageTest" name="chooseItemAndAddToCartTest" time="9.059"/>
  <system-out/>
</testsuite> <!-- com.auto.qa.tests.WomenPageTest -->
