<?xml version="1.0" encoding="UTF-8"?>
<!-- Generated by org.testng.reporters.JUnitReportReporter -->
<testsuite hostname="Aashutosh" failures="0" tests="4" name="com.auto.qa.tests.CreateAnAccountTest" time="17.420" errors="0" timestamp="2023-02-26T16:34:18 EST" skipped="0">
  <testcase classname="com.auto.qa.tests.CreateAnAccountTest" name="validateCreateAccPageTitleTest" time="3.798"/>
  <system-out/>
  <testcase classname="com.auto.qa.tests.CreateAnAccountTest" name="validateCreateAnAccountLabelTest" time="2.816"/>
  <system-out/>
  <testcase classname="com.auto.qa.tests.CreateAnAccountTest" name="createAccountTest" time="5.332"/>
  <system-out/>
  <testcase classname="com.auto.qa.tests.CreateAnAccountTest" name="createAccountWithSameDataTest" time="5.474"/>
  <system-out/>
</testsuite> <!-- com.auto.qa.tests.CreateAnAccountTest -->
