<?xml version="1.0" encoding="UTF-8"?>
<!-- Generated by org.testng.reporters.JUnitReportReporter -->
<testsuite hostname="Aashutosh" failures="0" tests="3" name="com.auto.qa.tests.MenPageTest" time="17.410" errors="0" timestamp="2023-02-23T10:55:50 EST" skipped="0">
  <testcase classname="com.auto.qa.tests.MenPageTest" name="validateMenPageTitleTest" time="4.979"/>
  <system-out/>
  <testcase classname="com.auto.qa.tests.MenPageTest" name="validateMenLabelTest" time="4.877"/>
  <system-out/>
  <testcase classname="com.auto.qa.tests.MenPageTest" name="chooseItemAndAddToCartTest" time="7.554"/>
  <system-out/>
</testsuite> <!-- com.auto.qa.tests.MenPageTest -->
