<?xml version="1.0" encoding="UTF-8"?>
<!-- Generated by org.testng.reporters.JUnitReportReporter -->
<testsuite hostname="Aashutosh" failures="0" tests="3" name="com.auto.qa.tests.MenPageTest" time="18.248" errors="0" timestamp="2023-02-26T15:57:49 EST" skipped="0">
  <testcase classname="com.auto.qa.tests.MenPageTest" name="validateMenPageTitleTest" time="5.235"/>
  <system-out/>
  <testcase classname="com.auto.qa.tests.MenPageTest" name="validateMenLabelTest" time="5.189"/>
  <system-out/>
  <testcase classname="com.auto.qa.tests.MenPageTest" name="chooseItemAndAddToCartTest" time="7.824"/>
  <system-out/>
</testsuite> <!-- com.auto.qa.tests.MenPageTest -->
