<?xml version="1.0" encoding="UTF-8"?>
<!-- Generated by org.testng.reporters.JUnitReportReporter -->
<testsuite hostname="Aashutosh" failures="0" tests="4" name="com.auto.qa.tests.LandingPageTest" time="11.856" errors="0" timestamp="2023-02-26T15:57:49 EST" skipped="0">
  <testcase classname="com.auto.qa.tests.LandingPageTest" name="landingPageTitleTest" time="3.011"/>
  <system-out/>
  <testcase classname="com.auto.qa.tests.LandingPageTest" name="pageLogoTest" time="2.269"/>
  <system-out/>
  <testcase classname="com.auto.qa.tests.LandingPageTest" name="clickLoginButtonTest" time="3.759"/>
  <system-out/>
  <testcase classname="com.auto.qa.tests.LandingPageTest" name="clickRegisterButtonTest" time="2.817"/>
  <system-out/>
</testsuite> <!-- com.auto.qa.tests.LandingPageTest -->
