<?xml version="1.0" encoding="UTF-8"?>
<!-- Generated by org.testng.reporters.JUnitReportReporter -->
<testsuite hostname="Aashutosh" failures="0" tests="4" name="com.auto.qa.tests.LandingPageTest" time="12.427" errors="0" timestamp="2023-02-24T09:12:21 EST" skipped="0">
  <testcase classname="com.auto.qa.tests.LandingPageTest" name="landingPageTitleTest" time="2.042"/>
  <system-out/>
  <testcase classname="com.auto.qa.tests.LandingPageTest" name="pageLogoTest" time="4.097"/>
  <system-out/>
  <testcase classname="com.auto.qa.tests.LandingPageTest" name="clickLoginButtonTest" time="3.555"/>
  <system-out/>
  <testcase classname="com.auto.qa.tests.LandingPageTest" name="clickRegisterButtonTest" time="2.733"/>
  <system-out/>
</testsuite> <!-- com.auto.qa.tests.LandingPageTest -->
