<?xml version="1.0" encoding="UTF-8"?>
<!-- Generated by org.testng.reporters.JUnitReportReporter -->
<testsuite hostname="Aashutosh" failures="0" tests="3" name="com.auto.qa.tests.WhatsNewPageTest" time="14.602" errors="0" timestamp="2023-02-23T10:55:50 EST" skipped="0">
  <testcase classname="com.auto.qa.tests.WhatsNewPageTest" name="validateWhatsNewPageTitleTest" time="4.852"/>
  <system-out/>
  <testcase classname="com.auto.qa.tests.WhatsNewPageTest" name="validateWhatsNewLabelTest" time="4.882"/>
  <system-out/>
  <testcase classname="com.auto.qa.tests.WhatsNewPageTest" name="categoriesLsitTest" time="4.868"/>
  <system-out/>
</testsuite> <!-- com.auto.qa.tests.WhatsNewPageTest -->
