<?xml version="1.0" encoding="UTF-8"?>
<!-- Generated by org.testng.reporters.JUnitReportReporter -->
<testsuite hostname="Aashutosh" failures="0" tests="3" name="com.auto.qa.tests.TrainingPageTest" time="15.246" errors="0" timestamp="2023-02-26T15:57:49 EST" skipped="0">
  <testcase classname="com.auto.qa.tests.TrainingPageTest" name="validateTrainingPageTitleTest" time="4.660"/>
  <system-out/>
  <testcase classname="com.auto.qa.tests.TrainingPageTest" name="validateTrainingLabelTest" time="5.201"/>
  <system-out/>
  <testcase classname="com.auto.qa.tests.TrainingPageTest" name="chooseWatchesAndAddtoCartTest" time="5.385"/>
  <system-out/>
</testsuite> <!-- com.auto.qa.tests.TrainingPageTest -->
