<?xml version="1.0" encoding="UTF-8"?>
<!-- Generated by org.testng.reporters.JUnitReportReporter -->
<testsuite hostname="Aashutosh" failures="0" tests="3" name="com.auto.qa.tests.GearPageTest" time="17.657" errors="0" timestamp="2023-02-26T15:57:49 EST" skipped="0">
  <testcase classname="com.auto.qa.tests.GearPageTest" name="validateGearPageTitleTest" time="4.967"/>
  <system-out/>
  <testcase classname="com.auto.qa.tests.GearPageTest" name="validateGearLabelTest" time="4.640"/>
  <system-out/>
  <testcase classname="com.auto.qa.tests.GearPageTest" name="chooseItemAndAddToCartTest" time="8.050"/>
  <system-out/>
</testsuite> <!-- com.auto.qa.tests.GearPageTest -->
