<?xml version="1.0" encoding="UTF-8"?>
<!-- Generated by org.testng.reporters.JUnitReportReporter -->
<testsuite hostname="Aashutosh" failures="0" tests="3" name="com.auto.qa.tests.MenPageTest" time="18.679" errors="0" timestamp="2023-02-23T21:15:09 EST" skipped="0">
  <testcase classname="com.auto.qa.tests.MenPageTest" name="validateMenPageTitleTest" time="4.960"/>
  <system-out/>
  <testcase classname="com.auto.qa.tests.MenPageTest" name="validateMenLabelTest" time="4.973"/>
  <system-out/>
  <testcase classname="com.auto.qa.tests.MenPageTest" name="chooseItemAndAddToCartTest" time="8.746"/>
  <system-out/>
</testsuite> <!-- com.auto.qa.tests.MenPageTest -->
