<?xml version="1.0" encoding="UTF-8"?>
<!-- Generated by org.testng.reporters.JUnitReportReporter -->
<testsuite hostname="Aashutosh" failures="0" tests="4" name="com.auto.qa.tests.LandingPageTest" time="10.431" errors="0" timestamp="2023-02-23T21:15:09 EST" skipped="0">
  <testcase classname="com.auto.qa.tests.LandingPageTest" name="landingPageTitleTest" time="1.994"/>
  <system-out/>
  <testcase classname="com.auto.qa.tests.LandingPageTest" name="pageLogoTest" time="2.108"/>
  <system-out/>
  <testcase classname="com.auto.qa.tests.LandingPageTest" name="clickLoginButtonTest" time="3.532"/>
  <system-out/>
  <testcase classname="com.auto.qa.tests.LandingPageTest" name="clickRegisterButtonTest" time="2.797"/>
  <system-out/>
</testsuite> <!-- com.auto.qa.tests.LandingPageTest -->
