<?xml version="1.0" encoding="UTF-8"?>
<!-- Generated by org.testng.reporters.JUnitReportReporter -->
<testsuite hostname="Aashutosh" failures="0" tests="3" name="com.auto.qa.tests.TrainingPageTest" time="15.493" errors="0" timestamp="2023-02-23T21:15:09 EST" skipped="0">
  <testcase classname="com.auto.qa.tests.TrainingPageTest" name="validateTrainingPageTitleTest" time="4.887"/>
  <system-out/>
  <testcase classname="com.auto.qa.tests.TrainingPageTest" name="validateTrainingLabelTest" time="4.838"/>
  <system-out/>
  <testcase classname="com.auto.qa.tests.TrainingPageTest" name="chooseWatchesAndAddtoCartTest" time="5.768"/>
  <system-out/>
</testsuite> <!-- com.auto.qa.tests.TrainingPageTest -->
