<?xml version="1.0" encoding="UTF-8"?>
<!-- Generated by org.testng.reporters.JUnitReportReporter -->
<testsuite hostname="Aashutosh" failures="0" tests="5" name="com.auto.qa.tests.HomePageTest" time="29.832" errors="0" timestamp="2023-02-23T21:15:09 EST" skipped="0">
  <testcase classname="com.auto.qa.tests.HomePageTest" name="validateHomePageTitleTest" time="4.487"/>
  <system-out/>
  <testcase classname="com.auto.qa.tests.HomePageTest" name="validateUserNameTest" time="5.210"/>
  <system-out/>
  <testcase classname="com.auto.qa.tests.HomePageTest" name="clickOnWhatsNewButtonTest" time="5.115"/>
  <system-out/>
  <testcase classname="com.auto.qa.tests.HomePageTest" name="clickOnMenButtonTest" time="9.098"/>
  <system-out/>
  <testcase classname="com.auto.qa.tests.HomePageTest" name="searchForItemAndValidateSearchBtnTest" time="5.922"/>
  <system-out/>
</testsuite> <!-- com.auto.qa.tests.HomePageTest -->
