<?xml version="1.0" encoding="UTF-8"?>
<!-- Generated by org.testng.reporters.JUnitReportReporter -->
<testsuite hostname="Aashutosh" failures="0" tests="3" name="com.auto.qa.tests.SalePageTest" time="14.816" errors="0" timestamp="2023-02-23T21:15:09 EST" skipped="0">
  <testcase classname="com.auto.qa.tests.SalePageTest" name="validateSalePageTitleTest" time="5.337"/>
  <system-out/>
  <testcase classname="com.auto.qa.tests.SalePageTest" name="validateSaleLabelTest" time="4.768"/>
  <system-out/>
  <testcase classname="com.auto.qa.tests.SalePageTest" name="validateDealsTextAndPromoOfferTest" time="4.711"/>
  <system-out/>
</testsuite> <!-- com.auto.qa.tests.SalePageTest -->
