<?xml version="1.0" encoding="UTF-8"?>
<!-- Generated by org.testng.reporters.JUnitReportReporter -->
<testsuite hostname="Aashutosh" failures="0" tests="3" name="com.auto.qa.tests.WomenPageTest" time="20.837" errors="0" timestamp="2023-02-23T21:15:09 EST" skipped="0">
  <testcase classname="com.auto.qa.tests.WomenPageTest" name="validateWomenPageTitleTest" time="5.393"/>
  <system-out/>
  <testcase classname="com.auto.qa.tests.WomenPageTest" name="validateWomenLabelTest" time="4.687"/>
  <system-out/>
  <testcase classname="com.auto.qa.tests.WomenPageTest" name="chooseItemAndAddToCartTest" time="10.757"/>
  <system-out/>
</testsuite> <!-- com.auto.qa.tests.WomenPageTest -->
