<?xml version="1.0" encoding="UTF-8"?>
<!-- Generated by org.testng.reporters.JUnitReportReporter -->
<testsuite hostname="Aashutosh" failures="0" tests="3" name="com.auto.qa.tests.SignInPageTest" time="9.845" errors="0" timestamp="2023-02-23T21:15:09 EST" skipped="0">
  <testcase classname="com.auto.qa.tests.SignInPageTest" name="signInPageTitleTest" time="2.882"/>
  <system-out/>
  <testcase classname="com.auto.qa.tests.SignInPageTest" name="customerLoginTitleTest" time="2.891"/>
  <system-out/>
  <testcase classname="com.auto.qa.tests.SignInPageTest" name="loginTest" time="4.072"/>
  <system-out/>
</testsuite> <!-- com.auto.qa.tests.SignInPageTest -->
